==1631540== Memcheck, a memory error detector
==1631540== Copyright (C) 2002-2017, and GNU GPL'd, by Julian Seward et al.
==1631540== Using Valgrind-3.18.1 and LibVEX; rerun with -h for copyright info
==1631540== Command: ./app
==1631540== Parent PID: 1622073
==1631540== 
==1631540== 
==1631540== Process terminating with default action of signal 11 (SIGSEGV)
==1631540==  General Protection Fault
==1631540==    at 0x4A66EC2: __pthread_once_slow (pthread_once.c:114)
==1631540==    by 0x4B35AB2: __rpc_thread_variables (rpc_thread.c:59)
==1631540==    by 0x4B88E0C: free_mem (in /usr/lib/x86_64-linux-gnu/libc.so.6)
==1631540==    by 0x4B88941: __libc_freeres (in /usr/lib/x86_64-linux-gnu/libc.so.6)
==1631540==    by 0x483F1B2: _vgnU_freeres (in /usr/libexec/valgrind/vgpreload_core-amd64-linux.so)
==1631540==    by 0x5BAFC7: ???
==1631540==    by 0x4B6BC3: __sanitizer::Die() (in /home/ivan-mel/Documents/Projects/Megashell/app)
==1631540==    by 0x4A2A71: __asan::InitializeShadowMemory() (in /home/ivan-mel/Documents/Projects/Megashell/app)
==1631540==    by 0x4A1FAC: __asan::AsanInitInternal() (in /home/ivan-mel/Documents/Projects/Megashell/app)
==1631540==    by 0x40065BD: _dl_init (dl-init.c:102)
==1631540==    by 0x40202C9: ??? (in /usr/lib/x86_64-linux-gnu/ld-linux-x86-64.so.2)
==1631540== 
==1631540== HEAP SUMMARY:
==1631540==     in use at exit: 0 bytes in 0 blocks
==1631540==   total heap usage: 32 allocs, 32 frees, 1,033 bytes allocated
==1631540== 
==1631540== All heap blocks were freed -- no leaks are possible
==1631540== 
==1631540== For lists of detected and suppressed errors, rerun with: -s
==1631540== ERROR SUMMARY: 0 errors from 0 contexts (suppressed: 0 from 0)
